<?xml version="1.0" encoding="UTF-8"?>
<!-- Generated by org.testng.reporters.JUnitReportReporter -->
<testsuite hostname="somasekhar-Vostro-3480" name="com.learnSutomation.testcases.LoginTestCrm" tests="1" failures="0" timestamp="2 May 2020 13:55:35 GMT" time="20.604" errors="0">
  <testcase name="loginApp" time="20.604" classname="com.learnSutomation.testcases.LoginTestCrm"/>
</testsuite> <!-- com.learnSutomation.testcases.LoginTestCrm -->
