<?xml version="1.0" encoding="UTF-8"?>
<!-- Generated by org.testng.reporters.JUnitReportReporter -->
<testsuite hostname="somasekhar-Vostro-3480" name="com.learnSutomation.testcases.LoginTestCrm" tests="1" failures="0" timestamp="11 May 2020 11:42:15 GMT" time="10.670" errors="0">
  <testcase name="loginApp" time="10.670" classname="com.learnSutomation.testcases.LoginTestCrm"/>
</testsuite> <!-- com.learnSutomation.testcases.LoginTestCrm -->
